nohup: ignoring input
/home/wangkai/miniconda3/envs/wangkun/lib/python3.8/site-packages/torchvision/models/_utils.py:223: UserWarning: Arguments other than a weight enum or `None` for 'weights' are deprecated since 0.13 and may be removed in the future. The current behavior is equivalent to passing `weights=ResNet34_Weights.IMAGENET1K_V1`. You can also use `weights=ResNet34_Weights.DEFAULT` to get the most up-to-date weights.
  warnings.warn(msg)
Downloading: "https://download.pytorch.org/models/resnet34-b627a593.pth" to /home/wangkai/.cache/torch/hub/checkpoints/resnet34-b627a593.pth
<class '__main__.args'>
Pretrained=True, Training with lr=0.0003, decay=0.0003,dropout = True, cutout = False, model = ResNet34
2024-05-31 10:17:19

Epoch:0, Loss:5.560395642330772, Acc:0.8271474019088016, LR:0.0002999259840548597
Epoch:1, Loss:5.209501969186883, Acc:1.728525980911983, LR:0.0002997040092642407
Epoch:2, Loss:4.855994299838417, Acc:4.899257688229056, LR:0.000299334294690462
Epoch:3, Loss:4.431481888419704, Acc:9.310710498409332, LR:0.0002988172051971717
Epoch:4, Loss:4.032739149896722, Acc:14.856839872746553, LR:0.00029815325108927063
Validation: Loss:3.552784490585327, Acc:22.349448685326546
Best model updated!
Epoch:5, Loss:3.731226532082809, Acc:19.300106044538705, LR:0.00029734308760930326
Epoch:6, Loss:3.4190086189069246, Acc:24.13573700954401, LR:0.00029638751429081204
Epoch:7, Loss:3.1951739160638106, Acc:28.09119830328738, LR:0.0002952874741692946
Epoch:8, Loss:2.9877411189832186, Acc:32.0254506892895, LR:0.00029404405285154137
Epoch:9, Loss:2.8181143559907613, Acc:34.51749734888653, LR:0.0002926584774442729
Validation: Loss:2.3314970970153808, Acc:44.020356234096695
Best model updated!
Epoch:10, Loss:2.644698230843795, Acc:38.854718981972425, LR:0.00029113211534313374
Epoch:11, Loss:2.519094379324662, Acc:40.90137857900318, LR:0.0002894664728832376
Epoch:12, Loss:2.4064513507642245, Acc:43.117709437963946, LR:0.0002876631938525971
Epoch:13, Loss:2.303891269784225, Acc:45.196182396606574, LR:0.0002857240578699029
Epoch:14, Loss:2.183997442847804, Acc:48.23966065747614, LR:0.00028365097862825513
Validation: Loss:1.697662901878357, Acc:58.10008481764207
Best model updated!
Epoch:15, Loss:2.1102699292333504, Acc:49.72428419936373, LR:0.0002814460020065795
Epoch:16, Loss:2.0282927186865556, Acc:51.21951219512195, LR:0.0002791113040505915
Epoch:17, Loss:1.9377179647746838, Acc:52.88441145281018, LR:0.00027664918882530225
Epoch:18, Loss:1.9015973178963912, Acc:53.97667020148462, LR:0.00027406208614118424
Epoch:19, Loss:1.8154170826861733, Acc:55.97030752916225, LR:0.0002713525491562421
Validation: Loss:1.3546630144119263, Acc:65.60644614079729
Best model updated!
Epoch:20, Loss:1.7898183684600026, Acc:56.34146341463415, LR:0.00026852325185635354
Epoch:21, Loss:1.722305837430452, Acc:57.61399787910923, LR:0.0002655769864163684
Epoch:22, Loss:1.6477241516113281, Acc:59.501590668080595, LR:0.00026251666044456895
Epoch:23, Loss:1.6316091449637162, Acc:59.77730646871686, LR:0.0002593452941132118
Epoch:24, Loss:1.593304207450465, Acc:60.99681866383881, LR:0.0002560660171779822
Validation: Loss:1.1614010334014893, Acc:69.29601357082274
Best model updated!
Epoch:25, Loss:1.5576339395422685, Acc:61.73913043478261, LR:0.00025268206588930335
Epoch:26, Loss:1.529759777219672, Acc:62.269353128313895, LR:0.0002491967797985478
Epoch:27, Loss:1.5023376314263595, Acc:62.77836691410393, LR:0.0002456135984623035
Epoch:28, Loss:1.474191753487838, Acc:63.03287380699894, LR:0.00024193605804794655
Epoch:29, Loss:1.469492849550749, Acc:63.5949098621421, LR:0.00023816778784387105
Validation: Loss:1.061050260066986, Acc:70.82273112807464
Best model updated!
Epoch:30, Loss:1.4032388235393323, Acc:65.69459172852598, LR:0.00023431250667781966
Epoch:31, Loss:1.397283303110223, Acc:64.75079533404029, LR:0.00023037401924684952
Epoch:32, Loss:1.3797331609224017, Acc:65.75821845174974, LR:0.00022635621236255572
Epoch:33, Loss:1.364969667635466, Acc:65.98091198303287, LR:0.00022226305111525731
Epoch:34, Loss:1.333938435504311, Acc:66.46871686108166, LR:0.00021809857496093204
Validation: Loss:0.9701773285865783, Acc:73.49448685326549
Best model updated!
Epoch:35, Loss:1.2981399987873279, Acc:67.32767762460233, LR:0.00021386689373476092
Epoch:36, Loss:1.2669844878347296, Acc:68.67444326617179, LR:0.00020957218359521712
Epoch:37, Loss:1.2755747029655857, Acc:68.1442205726405, LR:0.00020521868290270177
Epoch:38, Loss:1.236588948651364, Acc:69.15164369034994, LR:0.00020081068803679377
Epoch:39, Loss:1.2328694745113975, Acc:69.26829268292683, LR:0.00019635254915624216
Validation: Loss:0.9374411821365356, Acc:74.08821034775234
Best model updated!
Epoch:40, Loss:1.2484868953102513, Acc:69.11983032873808, LR:0.00019184866590588444
Epoch:41, Loss:1.19381424627806, Acc:70.20148462354189, LR:0.00018730348307472821
Epoch:42, Loss:1.2072064625589471, Acc:69.46977730646871, LR:0.00018272148620948142
Epoch:43, Loss:1.1825604940715588, Acc:70.50901378579003, LR:0.00017810719718785875
Epoch:44, Loss:1.1657644949461285, Acc:70.75291622481443, LR:0.00017346516975603468
Validation: Loss:0.8853432297706604, Acc:75.27565733672604
Best model updated!
Epoch:45, Loss:1.150531436267652, Acc:70.96500530222694, LR:0.0001687999850346457
Epoch:46, Loss:1.1495745433004279, Acc:71.5270413573701, LR:0.00016411624699777717
Epoch:47, Loss:1.1184514133553756, Acc:72.20572640509013, LR:0.00015941857792939706
Epoch:48, Loss:1.1394907863516557, Acc:71.80275715800636, LR:0.00015471161386171927
Epoch:49, Loss:1.1014555441705804, Acc:72.62990455991516, LR:0.00015000000000000001
Validation: Loss:0.8695380806922912, Acc:75.48770144189992
Best model updated!
Epoch:50, Loss:1.112936822991622, Acc:72.16330858960764, LR:0.00014528838613828078
Epoch:51, Loss:1.0858720603742098, Acc:72.5238600212089, LR:0.00014058142207060302
Epoch:52, Loss:1.0554422014637996, Acc:74.11452810180276, LR:0.00013588375300222289
Epoch:53, Loss:1.0746115414719832, Acc:73.05408271474019, LR:0.0001312000149653544
Epoch:54, Loss:1.066069151225843, Acc:73.57370095440085, LR:0.0001265348302439654
Validation: Loss:0.8370350003242493, Acc:76.46310432569975
Best model updated!
Epoch:55, Loss:1.0758437984868099, Acc:73.00106044538707, LR:0.00012189280281214134
Epoch:56, Loss:1.0732878038757725, Acc:73.35100742311771, LR:0.00011727851379051869
Epoch:57, Loss:1.0487231674947237, Acc:73.93425238600211, LR:0.0001126965169252718
Epoch:58, Loss:1.0435924686883624, Acc:73.881230116649, LR:0.00010815133409411566
Epoch:59, Loss:1.0377573998350846, Acc:74.0084835630965, LR:0.00010364745084375796
Validation: Loss:0.841082775592804, Acc:75.69974554707379
Epoch:60, Loss:1.0328845099398964, Acc:74.15694591728526, LR:9.918931196320633e-05
Epoch:61, Loss:1.0210025592854148, Acc:74.61293743372217, LR:9.478131709729838e-05
Epoch:62, Loss:1.01754692667409, Acc:74.34782608695652, LR:9.042781640478292e-05
Epoch:63, Loss:1.0106494740435952, Acc:74.31601272534465, LR:8.613310626523913e-05
Epoch:64, Loss:1.0192269776996814, Acc:74.01908801696713, LR:8.190142503906802e-05
Validation: Loss:0.8171815037727356, Acc:76.33587786259542
Epoch:65, Loss:1.00307886224044, Acc:75.07953340402969, LR:7.773694888474271e-05
Epoch:66, Loss:0.9923871849712572, Acc:75.52492046659597, LR:7.364378763744433e-05
Epoch:67, Loss:0.9711434841156006, Acc:75.66277836691411, LR:6.96259807531505e-05
Epoch:68, Loss:1.0008990952843113, Acc:75.33404029692471, LR:6.568749332218042e-05
Epoch:69, Loss:0.9758434076058237, Acc:75.93849416755037, LR:6.183221215612908e-05
Validation: Loss:0.8086393237113952, Acc:76.59033078880407
Best model updated!
Epoch:70, Loss:0.9927090406417847, Acc:75.39766702014846, LR:5.806394195205354e-05
Epoch:71, Loss:0.9703249899964583, Acc:76.02332979851538, LR:5.438640153769656e-05
Epoch:72, Loss:0.9823015457705447, Acc:75.5355249204666, LR:5.080322020145227e-05
Epoch:73, Loss:0.9815012593018381, Acc:75.98091198303287, LR:4.731793411069671e-05
Epoch:74, Loss:0.9703900563089471, Acc:75.949098621421, LR:4.39339828220179e-05
Validation: Loss:0.810228681564331, Acc:76.67514843087362
Best model updated!
Epoch:75, Loss:0.9619577589787935, Acc:76.08695652173913, LR:4.065470588678832e-05
Epoch:76, Loss:0.9817897081375122, Acc:75.91728525980912, LR:3.7483339555431075e-05
Epoch:77, Loss:0.9792463936303791, Acc:75.79003181336161, LR:3.442301358363164e-05
Epoch:78, Loss:0.93009604905781, Acc:76.52173913043478, LR:3.147674814364645e-05
Epoch:79, Loss:0.9733975090478596, Acc:76.23541887592789, LR:2.8647450843757908e-05
Validation: Loss:0.7968400835990905, Acc:77.82018659881255
Best model updated!
Epoch:80, Loss:0.9719767194045218, Acc:75.83244962884412, LR:2.5937913858815748e-05
Epoch:81, Loss:0.9452160534105802, Acc:77.04135737009544, LR:2.3350811174697777e-05
Epoch:82, Loss:0.959652768938165, Acc:75.72640509013786, LR:2.088869594940844e-05
Epoch:83, Loss:0.9548233276919315, Acc:76.26723223753977, LR:1.8553997993420465e-05
Epoch:84, Loss:0.9370552991565905, Acc:76.61717921527041, LR:1.6349021371744834e-05
Validation: Loss:0.7864767193794251, Acc:77.48091603053435
Epoch:85, Loss:0.9434969644797476, Acc:76.4475079533404, LR:1.4275942130097098e-05
Epoch:86, Loss:0.9675007462501526, Acc:76.10816542948038, LR:1.2336806147402864e-05
Epoch:87, Loss:0.9546052719417372, Acc:76.34146341463415, LR:1.0533527116762298e-05
Epoch:88, Loss:0.9515301898906106, Acc:76.68080593849417, LR:8.867884656866183e-06
Epoch:89, Loss:0.9661519558806169, Acc:76.34146341463415, LR:7.341522555726971e-06
Validation: Loss:0.8138477325439453, Acc:76.29346904156064
Epoch:90, Loss:0.9571482507806075, Acc:75.93849416755037, LR:5.955947148458557e-06
Epoch:91, Loss:0.9442495484101144, Acc:76.02332979851538, LR:4.712525830705355e-06
Epoch:92, Loss:0.9523009657859802, Acc:76.00212089077412, LR:3.612485709187901e-06
Epoch:93, Loss:0.936206412942786, Acc:76.65959703075292, LR:2.6569123906966916e-06
Epoch:94, Loss:0.9287829838301006, Acc:76.75503711558855, LR:1.8467489107293509e-06
Validation: Loss:0.7813632845878601, Acc:78.0746395250212
Best model updated!
Epoch:95, Loss:0.9403655152571829, Acc:76.22481442205726, LR:1.1827948028283352e-06
Epoch:96, Loss:0.9570426250758924, Acc:76.17179215270414, LR:6.657053095380005e-07
Epoch:97, Loss:0.9796330489610371, Acc:75.864262990456, LR:2.9599073575926616e-07
Epoch:98, Loss:0.9408120481591475, Acc:76.41569459172852, LR:7.401594514025999e-08
Epoch:99, Loss:0.9517971151753476, Acc:76.42629904559915, LR:0.0
Validation: Loss:0.7959547281265259, Acc:76.63273960983885
Epoch:100, Loss:0.9410031626099035, Acc:76.41569459172852, LR:7.401594514025999e-08
Epoch:101, Loss:0.9627241178562767, Acc:76.0763520678685, LR:2.959907357592661e-07
Epoch:102, Loss:0.9249270495615507, Acc:76.65959703075292, LR:6.657053095380004e-07
Epoch:103, Loss:0.9645391483055917, Acc:76.02332979851538, LR:1.1827948028283183e-06
Epoch:104, Loss:0.9488189440024527, Acc:76.4050901378579, LR:1.846748910729334e-06
Validation: Loss:0.7922298431396484, Acc:76.75996607294317
Epoch:105, Loss:0.9829711725837306, Acc:76.04453870625663, LR:2.6569123906967077e-06
Epoch:106, Loss:0.9326644477091337, Acc:76.97773064687169, LR:3.612485709187884e-06
Epoch:107, Loss:0.9585436488452711, Acc:76.68080593849417, LR:4.712525830705321e-06
Epoch:108, Loss:0.9733335187560633, Acc:75.64156945917286, LR:5.955947148458522e-06
Epoch:109, Loss:0.9253104705559579, Acc:76.58536585365853, LR:7.341522555726951e-06
Validation: Loss:0.8028304219245911, Acc:77.09923664122137
Epoch:110, Loss:0.9578049747567428, Acc:76.05514316012726, LR:8.86788465686618e-06
Epoch:111, Loss:0.9498650839454249, Acc:76.56415694591729, LR:1.0533527116762278e-05
Epoch:112, Loss:0.9547861563531976, Acc:76.09756097560975, LR:1.2336806147402808e-05
Epoch:113, Loss:0.9516862411248056, Acc:76.97773064687169, LR:1.4275942130097042e-05
Epoch:114, Loss:0.917883509083798, Acc:76.93531283138918, LR:1.6349021371744844e-05
Validation: Loss:0.7874672770500183, Acc:77.18405428329092
Epoch:115, Loss:0.9520041660258645, Acc:76.16118769883352, LR:1.8553997993420472e-05
Epoch:116, Loss:0.9495031300343966, Acc:76.118769883351, LR:2.0888695949408444e-05
Epoch:117, Loss:0.9220636957570126, Acc:77.09437963944856, LR:2.3350811174697713e-05
Epoch:118, Loss:0.9245437415022599, Acc:77.41251325556733, LR:2.593791385881568e-05
Epoch:119, Loss:0.9399594758686266, Acc:76.63838812301167, LR:2.864745084375782e-05
Validation: Loss:0.7960744619369506, Acc:77.39609838846481
Epoch:120, Loss:0.9495236308951127, Acc:76.16118769883352, LR:3.147674814364644e-05
Epoch:121, Loss:0.9564474193673385, Acc:75.93849416755037, LR:3.44230135836316e-05
Epoch:122, Loss:0.9450975813363728, Acc:76.75503711558855, LR:3.7483339555431034e-05
Epoch:123, Loss:0.9522225888151872, Acc:76.30965005302227, LR:4.0654705886788224e-05
Epoch:124, Loss:0.9209241678840235, Acc:77.21102863202545, LR:4.39339828220178e-05
Validation: Loss:0.7818132042884827, Acc:77.18405428329092
Epoch:125, Loss:0.9418145794617502, Acc:76.86108165429481, LR:4.731793411069669e-05
Epoch:126, Loss:0.9227262296174702, Acc:77.35949098621421, LR:5.0803220201452194e-05
Epoch:127, Loss:0.9466981668221323, Acc:76.51113467656415, LR:5.4386401537696557e-05
Epoch:128, Loss:0.9322842830105832, Acc:76.9034994697773, LR:5.806394195205352e-05
Epoch:129, Loss:0.941503085588154, Acc:76.8186638388123, LR:6.1832212156129e-05
Validation: Loss:0.7767958045005798, Acc:77.65055131467345
Epoch:130, Loss:0.938692917949275, Acc:76.41569459172852, LR:6.568749332218034e-05
Epoch:131, Loss:0.9237823831407648, Acc:77.10498409331919, LR:6.962598075315054e-05
Epoch:132, Loss:0.9415152041535628, Acc:76.57476139978792, LR:7.364378763744432e-05
Epoch:133, Loss:0.8924269017420317, Acc:77.7306468716861, LR:7.77369488847427e-05
Epoch:134, Loss:0.8977165222167969, Acc:77.3170731707317, LR:8.190142503906793e-05
Validation: Loss:0.7953675031661988, Acc:77.48091603053435
Epoch:135, Loss:0.9117676270635504, Acc:77.17921527041358, LR:8.613310626523915e-05
Epoch:136, Loss:0.9219590770570856, Acc:76.74443266171792, LR:9.042781640478292e-05
Epoch:137, Loss:0.9076927461122212, Acc:77.63520678685047, LR:9.478131709729829e-05
Epoch:138, Loss:0.8925296068191528, Acc:77.6033934252386, LR:9.918931196320625e-05
Epoch:139, Loss:0.9238898722749007, Acc:77.53976670201484, LR:0.00010364745084375781
Validation: Loss:0.7857908964157104, Acc:77.18405428329092
Epoch:140, Loss:0.8828880630041424, Acc:77.6458112407211, LR:0.00010815133409411552
Epoch:141, Loss:0.8819379367326435, Acc:77.95334040296925, LR:0.00011269651692527181
Epoch:142, Loss:0.8827314063122398, Acc:78.58960763520679, LR:0.0001172785137905186
Epoch:143, Loss:0.8813101931622154, Acc:78.15482502651113, LR:0.00012189280281214127
Epoch:144, Loss:0.9105786022387052, Acc:77.75185577942736, LR:0.0001265348302439653
Validation: Loss:0.7693174481391907, Acc:78.4139100932994
Best model updated!
Epoch:145, Loss:0.8791491357903731, Acc:78.16542948038176, LR:0.00013120001496535425
Epoch:146, Loss:0.8992297241562291, Acc:77.57158006362673, LR:0.00013588375300222283
Epoch:147, Loss:0.8460575248065748, Acc:78.96076352067868, LR:0.00014058142207060294
Epoch:148, Loss:0.8666479964005319, Acc:78.53658536585365, LR:0.00014528838613828067
Epoch:149, Loss:0.8543019357480501, Acc:79.07741251325557, LR:0.00014999999999999988
Validation: Loss:0.7889746785163879, Acc:77.31128074639525
Epoch:150, Loss:0.8635842078610471, Acc:78.31389183457053, LR:0.00015471161386171908
Epoch:151, Loss:0.8412254829155771, Acc:78.86532343584305, LR:0.00015941857792939681
Epoch:152, Loss:0.8492111657795153, Acc:78.99257688229056, LR:0.00016411624699777706
Epoch:153, Loss:0.8554592101197493, Acc:78.69565217391305, LR:0.00016879998503464553
Epoch:154, Loss:0.8310622259190208, Acc:79.53340402969248, LR:0.0001734651697560345
Validation: Loss:0.7876751542091369, Acc:78.45631891433418
Best model updated!
Epoch:155, Loss:0.8496897063757244, Acc:79.16224814422057, LR:0.00017810719718785856
Epoch:156, Loss:0.8316560701320046, Acc:79.35312831389183, LR:0.00018272148620948123
Epoch:157, Loss:0.8447399829563341, Acc:78.93955461293743, LR:0.00018730348307472816
Epoch:158, Loss:0.7736249377852992, Acc:80.56203605514315, LR:0.00019184866590588428
Epoch:159, Loss:0.81682078461898, Acc:79.32131495227996, LR:0.00019635254915624197
Validation: Loss:0.769737446308136, Acc:78.45631891433418
Epoch:160, Loss:0.8523859789496974, Acc:79.02439024390245, LR:0.00020081068803679352
Epoch:161, Loss:0.8168931226981314, Acc:79.92576882290562, LR:0.00020521868290270147
Epoch:162, Loss:0.8019237235972756, Acc:80.3287380699894, LR:0.00020957218359521685
Epoch:163, Loss:0.8031988677225614, Acc:80.21208907741251, LR:0.00021386689373476063
Epoch:164, Loss:0.7901613743681657, Acc:80.084835630965, LR:0.00021809857496093171
Validation: Loss:0.7502329349517822, Acc:78.7531806615776
Best model updated!
Epoch:165, Loss:0.8092312404983922, Acc:79.73488865323436, LR:0.0002222630511152572
Epoch:166, Loss:0.7622359991073608, Acc:81.23011664899258, LR:0.0002263562123625556
Epoch:167, Loss:0.7622815370559692, Acc:81.38918345705196, LR:0.0002303740192468494
Epoch:168, Loss:0.7767486885974282, Acc:80.72110286320255, LR:0.00023431250667781947
Epoch:169, Loss:0.7840396134476912, Acc:80.54082714740191, LR:0.0002381677878438708
Validation: Loss:0.7639521598815918, Acc:78.7531806615776
Epoch:170, Loss:0.7621633786904184, Acc:81.01802757158006, LR:0.00024193605804794627
Epoch:171, Loss:0.7695561208223042, Acc:81.1134676564157, LR:0.00024561359846230325
Epoch:172, Loss:0.7941970919307909, Acc:80.51961823966066, LR:0.00024919677979854754
Epoch:173, Loss:0.7712739643297697, Acc:80.44538706256628, LR:0.00025268206588930297
Epoch:174, Loss:0.7487894045679193, Acc:81.48462354188759, LR:0.0002560660171779818
Validation: Loss:0.7719011425971984, Acc:78.7531806615776
Epoch:175, Loss:0.7438676012189764, Acc:81.66489925768823, LR:0.0002593452941132115
Epoch:176, Loss:0.7407118238900837, Acc:81.37857900318133, LR:0.00026251666044456874
Epoch:177, Loss:0.7246504394631637, Acc:81.82396606574761, LR:0.00026557698641636824
Epoch:178, Loss:0.7326122585095858, Acc:81.51643690349947, LR:0.0002685232518563534
Epoch:179, Loss:0.7122728197198165, Acc:82.09968186638388, LR:0.000271352549156242
Validation: Loss:0.7334685564041138, Acc:79.51653944020356
Best model updated!
Epoch:180, Loss:0.7011834633977789, Acc:82.41781548250265, LR:0.00027406208614118413
Epoch:181, Loss:0.7073655065737272, Acc:82.13149522799576, LR:0.00027664918882530214
Epoch:182, Loss:0.7024287863781578, Acc:82.54506892895016, LR:0.0002791113040505914
Epoch:183, Loss:0.7141234623758417, Acc:82.20572640509013, LR:0.0002814460020065794
Epoch:184, Loss:0.6831424518635398, Acc:83.13891834570519, LR:0.00028365097862825513
Validation: Loss:0.7474233865737915, Acc:79.00763358778626
Epoch:185, Loss:0.6924003237172177, Acc:83.06468716861082, LR:0.0002857240578699029
Epoch:186, Loss:0.676523158424779, Acc:83.65853658536585, LR:0.0002876631938525972
Epoch:187, Loss:0.6906631871273643, Acc:83.0965005302227, LR:0.00028946647288323766
Epoch:188, Loss:0.6905339956283569, Acc:82.5980911983033, LR:0.0002911321153431338
Epoch:189, Loss:0.6661176587405958, Acc:83.28738069989396, LR:0.00029265847744427303
Validation: Loss:0.7787201285362244, Acc:79.00763358778626
Epoch:190, Loss:0.6750519840340865, Acc:83.1813361611877, LR:0.0002940440528515414
Epoch:191, Loss:0.6670550923598441, Acc:83.79639448568399, LR:0.0002952874741692947
Epoch:192, Loss:0.6840210306017023, Acc:83.40402969247084, LR:0.0002963875142908121
Epoch:193, Loss:0.6556278341694882, Acc:83.69034994697773, LR:0.0002973430876093033
Epoch:194, Loss:0.6510066327295805, Acc:84.20996818663839, LR:0.00029815325108927063
Validation: Loss:0.7777417063713074, Acc:78.7531806615776
Epoch:195, Loss:0.6645880655238503, Acc:83.60551431601273, LR:0.00029881720519717164
Epoch:196, Loss:0.6531833598488256, Acc:84.31601272534465, LR:0.000299334294690462
Epoch:197, Loss:0.659195790165349, Acc:83.54188759278897, LR:0.0002997040092642407
Epoch:198, Loss:0.6351803164733084, Acc:84.32661717921528, LR:0.0002999259840548597
Epoch:199, Loss:0.6236935665732936, Acc:84.60233297985154, LR:0.0003
Validation: Loss:0.7817862391471863, Acc:78.88040712468194
Epoch:200, Loss:0.6472956977392498, Acc:84.07211028632025, LR:0.0002999259840548597
Epoch:201, Loss:0.6454388656114277, Acc:83.86002120890774, LR:0.0002997040092642407
Epoch:202, Loss:0.6352190124361139, Acc:84.69777306468717, LR:0.000299334294690462
Epoch:203, Loss:0.6342850562773252, Acc:84.20996818663839, LR:0.0002988172051971717
Epoch:204, Loss:0.6426539907329961, Acc:84.15694591728526, LR:0.00029815325108927063
Validation: Loss:0.7915544986724854, Acc:78.4139100932994
Epoch:205, Loss:0.5969296380093223, Acc:85.36585365853658, LR:0.00029734308760930326
Epoch:206, Loss:0.6080615645960757, Acc:85.15376458112407, LR:0.00029638751429081204
Epoch:207, Loss:0.6091097781532689, Acc:85.02651113467657, LR:0.0002952874741692946
Epoch:208, Loss:0.6201592856331876, Acc:84.93107104984094, LR:0.00029404405285154137
Epoch:209, Loss:0.6333065660376298, Acc:84.25238600212089, LR:0.0002926584774442729
Validation: Loss:0.7730200886726379, Acc:78.88040712468194
Epoch:210, Loss:0.6063168817444852, Acc:85.36585365853658, LR:0.00029113211534313374
Epoch:211, Loss:0.6010499376999704, Acc:85.51431601272535, LR:0.0002894664728832376
Epoch:212, Loss:0.5766713885884536, Acc:85.69459172852598, LR:0.0002876631938525971
Epoch:213, Loss:0.5888913305182206, Acc:85.95970307529163, LR:0.0002857240578699029
Epoch:214, Loss:0.59467424530732, Acc:85.46129374337221, LR:0.0002836509786282552
Validation: Loss:0.8053788423538208, Acc:78.45631891433418
Epoch:215, Loss:0.5759920964115545, Acc:86.06574761399789, LR:0.00028144600200657956
Epoch:216, Loss:0.5729336989553351, Acc:86.25662778366915, LR:0.0002791113040505916
Epoch:217, Loss:0.5564210744280564, Acc:86.46871686108166, LR:0.0002766491888253023
Epoch:218, Loss:0.5931090555692974, Acc:85.71580063626723, LR:0.00027406208614118424
Epoch:219, Loss:0.5703859219425603, Acc:86.52173913043478, LR:0.0002713525491562421
Validation: Loss:0.8063687562942505, Acc:79.38931297709924
Epoch:220, Loss:0.558236300945282, Acc:86.16118769883352, LR:0.00026852325185635354
Epoch:221, Loss:0.5522482646139044, Acc:86.12937433722163, LR:0.00026557698641636835
Epoch:222, Loss:0.5814856824121977, Acc:85.90668080593849, LR:0.00026251666044456895
Epoch:223, Loss:0.5678363473791825, Acc:86.26723223753977, LR:0.0002593452941132118
Epoch:224, Loss:0.5411416668640939, Acc:86.9034994697773, LR:0.0002560660171779822
Validation: Loss:0.8082849383354187, Acc:79.00763358778626
Epoch:225, Loss:0.5529648661613464, Acc:86.3202545068929, LR:0.0002526820658893034
Epoch:226, Loss:0.5579019110453757, Acc:86.7762460233298, LR:0.00024919677979854787
Epoch:227, Loss:0.5447742076296556, Acc:86.80805938494167, LR:0.0002456135984623036
Epoch:228, Loss:0.5464704899411452, Acc:86.4899257688229, LR:0.00024193605804794663
Epoch:229, Loss:0.5278082474281913, Acc:87.04135737009544, LR:0.00023816778784387094
Validation: Loss:0.8058678150177002, Acc:79.13486005089058
Epoch:230, Loss:0.5453593605443051, Acc:87.03075291622481, LR:0.00023431250667781958
Epoch:231, Loss:0.5387668860586066, Acc:86.89289501590667, LR:0.0002303740192468495
Epoch:232, Loss:0.5436219243626845, Acc:86.89289501590667, LR:0.0002263562123625557
Epoch:233, Loss:0.5357588623699389, Acc:87.27465535524921, LR:0.00022226305111525731
Epoch:234, Loss:0.5043155299989801, Acc:87.81548250265111, LR:0.00021809857496093204
Validation: Loss:0.8001971125602723, Acc:79.34690415606447
Epoch:235, Loss:0.5168600286308088, Acc:87.49734888653235, LR:0.00021386689373476098
Epoch:236, Loss:0.5331862741395047, Acc:87.13679745493107, LR:0.0002095721835952172
Epoch:237, Loss:0.5377852022647858, Acc:87.03075291622481, LR:0.00020521868290270185
Epoch:238, Loss:0.5390565897289076, Acc:86.98833510074232, LR:0.00020081068803679388
Epoch:239, Loss:0.5159146628881756, Acc:87.48674443266172, LR:0.00019635254915624232
Validation: Loss:0.8050728082656861, Acc:79.30449533502969
Epoch:240, Loss:0.5250686077695144, Acc:87.49734888653235, LR:0.00019184866590588436
Epoch:241, Loss:0.5444778549043756, Acc:86.72322375397667, LR:0.00018730348307472821
Epoch:242, Loss:0.5181642425687689, Acc:87.86850477200424, LR:0.0001827214862094814
Epoch:243, Loss:0.5353725693727794, Acc:86.63838812301167, LR:0.00017810719718785873
Epoch:244, Loss:0.5151335518611105, Acc:87.63520678685047, LR:0.00017346516975603468
Validation: Loss:0.80542471408844, Acc:79.98303647158609
Best model updated!
Epoch:245, Loss:0.49597193222296865, Acc:88.06998939554613, LR:0.0001687999850346457
Epoch:246, Loss:0.5113822519779205, Acc:87.4761399787911, LR:0.00016411624699777725
Epoch:247, Loss:0.5002978804864382, Acc:88.29268292682927, LR:0.00015941857792939714
Epoch:248, Loss:0.5224307932351765, Acc:87.6033934252386, LR:0.00015471161386171943
Epoch:249, Loss:0.5028725046860544, Acc:87.93213149522799, LR:0.00015000000000000018
Validation: Loss:0.8094961643218994, Acc:79.38931297709924
Epoch:250, Loss:0.5339011063701228, Acc:87.1898197242842, LR:0.0001452883861382807
Epoch:251, Loss:0.5292082021110937, Acc:87.44432661717921, LR:0.00014058142207060297
Epoch:252, Loss:0.49392043603094, Acc:87.91092258748674, LR:0.00013588375300222286
Epoch:253, Loss:0.48213867451015274, Acc:88.4305408271474, LR:0.00013120001496535439
Epoch:254, Loss:0.4944537532956977, Acc:88.32449628844114, LR:0.0001265348302439653
Validation: Loss:0.8322182297706604, Acc:79.85581000848177
Epoch:255, Loss:0.4821003126470666, Acc:88.27147401908802, LR:0.00012189280281214126
Epoch:256, Loss:0.49246815944972794, Acc:88.41993637327677, LR:0.0001172785137905186
Epoch:257, Loss:0.5037122604094053, Acc:87.79427359490987, LR:0.00011269651692527179
Epoch:258, Loss:0.4809963373761428, Acc:88.23966065747614, LR:0.00010815133409411564
Epoch:259, Loss:0.4893117766631277, Acc:88.16542948038176, LR:0.00010364745084375795
Validation: Loss:0.8246224522590637, Acc:79.51653944020356
Epoch:260, Loss:0.482428850311982, Acc:88.48356309650053, LR:9.918931196320637e-05
Epoch:261, Loss:0.4957260081642552, Acc:87.83669141039236, LR:9.478131709729842e-05
Epoch:262, Loss:0.5020914814974132, Acc:88.11240721102862, LR:9.04278164047828e-05
Epoch:263, Loss:0.49189759555615875, Acc:87.91092258748674, LR:8.613310626523901e-05
Epoch:264, Loss:0.48589709401130676, Acc:88.25026511134676, LR:8.190142503906791e-05
Validation: Loss:0.8271902561187744, Acc:79.51653944020356
Epoch:265, Loss:0.46945936585727494, Acc:88.7168610816543, LR:7.773694888474266e-05
Epoch:266, Loss:0.471860292710756, Acc:88.89713679745493, LR:7.364378763744429e-05
Epoch:267, Loss:0.47509693472008957, Acc:88.52598091198303, LR:6.962598075315051e-05
Epoch:268, Loss:0.4743589821614717, Acc:88.49416755037116, LR:6.568749332218044e-05
Epoch:269, Loss:0.48394247262101425, Acc:88.25026511134676, LR:6.183221215612908e-05
Validation: Loss:0.8054195404052734, Acc:79.77099236641222
Epoch:270, Loss:0.4592469067949998, Acc:88.83351007423117, LR:5.8063941952053605e-05
Epoch:271, Loss:0.47679845910323293, Acc:88.53658536585365, LR:5.4386401537696435e-05
Epoch:272, Loss:0.4753998376821217, Acc:88.63202545068928, LR:5.0803220201452126e-05
Epoch:273, Loss:0.4656213443530233, Acc:88.91834570519619, LR:4.731793411069664e-05
Epoch:274, Loss:0.47196329424255773, Acc:88.63202545068928, LR:4.393398282201783e-05
Validation: Loss:0.8121272087097168, Acc:79.47413061916879
Epoch:275, Loss:0.47061775232616226, Acc:88.81230116648993, LR:4.0654705886788245e-05
Epoch:276, Loss:0.459917099852311, Acc:89.00318133616119, LR:3.7483339555431055e-05
Epoch:277, Loss:0.46554149138300044, Acc:89.1728525980912, LR:3.442301358363162e-05
Epoch:278, Loss:0.4957414818437476, Acc:88.21845174973488, LR:3.147674814364646e-05
Epoch:279, Loss:0.48648017331173543, Acc:88.28207847295864, LR:2.8647450843757924e-05
Validation: Loss:0.8170136570930481, Acc:79.21967769296013
Epoch:280, Loss:0.48657690851311935, Acc:88.63202545068928, LR:2.5937913858815785e-05
Epoch:281, Loss:0.48368589187923233, Acc:88.66383881230117, LR:2.3350811174697798e-05
Epoch:282, Loss:0.4362774459939254, Acc:89.66065747613997, LR:2.0888695949408397e-05
Epoch:283, Loss:0.45469419266048233, Acc:89.11983032873808, LR:1.855399799342042e-05
Epoch:284, Loss:0.43237631571920293, Acc:89.6288441145281, LR:1.634902137174479e-05
Validation: Loss:0.8053531646728516, Acc:79.68617472434266
Epoch:285, Loss:0.48234820993323074, Acc:88.28207847295864, LR:1.4275942130097054e-05
Epoch:286, Loss:0.43668383673617717, Acc:89.56521739130434, LR:1.2336806147402818e-05
Epoch:287, Loss:0.45537435381036057, Acc:89.02439024390245, LR:1.0533527116762286e-05
Epoch:288, Loss:0.45241001718922663, Acc:89.0880169671262, LR:8.867884656866187e-06
Epoch:289, Loss:0.4692445695400238, Acc:88.40933191940616, LR:7.341522555726991e-06
Validation: Loss:0.8339986324310302, Acc:79.68617472434266
Epoch:290, Loss:0.45209711005813197, Acc:89.07741251325557, LR:5.95594714845856e-06
Epoch:291, Loss:0.44977508563744395, Acc:89.23647932131495, LR:4.712525830705358e-06
Epoch:292, Loss:0.45356791897823934, Acc:89.27889713679745, LR:3.6124857091879205e-06
Epoch:293, Loss:0.47670940505830867, Acc:88.74867444326617, LR:2.656912390696677e-06
Epoch:294, Loss:0.4627577505613628, Acc:88.85471898197243, LR:1.8467489107293358e-06
Validation: Loss:0.8199911832809448, Acc:79.21967769296013
Epoch:295, Loss:0.4715262212251362, Acc:88.62142099681867, LR:1.1827948028283196e-06
Epoch:296, Loss:0.4423273833174455, Acc:89.24708377518557, LR:6.65705309538001e-07
Epoch:297, Loss:0.4788959073392968, Acc:88.36691410392365, LR:2.9599073575926637e-07
Epoch:298, Loss:0.458733480227621, Acc:89.02439024390245, LR:7.401594514026004e-08
Epoch:299, Loss:0.4711944680464895, Acc:88.58960763520679, LR:0.0
Validation: Loss:0.8007046818733216, Acc:80.06785411365564
Best model updated!
Epoch:300, Loss:0.44434431822676407, Acc:89.2576882290562, LR:7.401594514025999e-08
Epoch:301, Loss:0.4426877404514112, Acc:89.69247083775186, LR:2.959907357592661e-07
Epoch:302, Loss:0.469561335287596, Acc:88.63202545068928, LR:6.657053095379839e-07
Epoch:303, Loss:0.4704012855103141, Acc:88.90774125132556, LR:1.182794802828302e-06
Epoch:304, Loss:0.4593324018152137, Acc:89.18345705196182, LR:1.846748910729351e-06
Validation: Loss:0.8186414361000061, Acc:79.38931297709924
Epoch:305, Loss:0.4385938722836344, Acc:89.31071049840934, LR:2.656912390696708e-06
Epoch:306, Loss:0.4811359596879859, Acc:88.39872746553553, LR:3.612485709187901e-06
Epoch:307, Loss:0.4696439473252547, Acc:88.76988335100742, LR:4.712525830705338e-06
Epoch:308, Loss:0.4556070817144294, Acc:88.93955461293743, LR:5.955947148458522e-06
Epoch:309, Loss:0.4641737169341037, Acc:88.61081654294804, LR:7.341522555726951e-06
Validation: Loss:0.8108924627304077, Acc:80.1526717557252
Best model updated!
Epoch:310, Loss:0.45684782454842016, Acc:88.8441145281018, LR:8.867884656866144e-06
Epoch:311, Loss:0.4380603934589185, Acc:89.37433722163308, LR:1.0533527116762242e-05
Epoch:312, Loss:0.46226268693020467, Acc:89.16224814422057, LR:1.2336806147402772e-05
Epoch:313, Loss:0.4682918363495877, Acc:88.60021208907742, LR:1.427594213009699e-05
Epoch:314, Loss:0.47546751561917755, Acc:88.63202545068928, LR:1.634902137174484e-05
Validation: Loss:0.8244558453559876, Acc:79.68617472434266
Epoch:315, Loss:0.47109793989281906, Acc:88.51537645811241, LR:1.855399799342047e-05
Epoch:316, Loss:0.47281939575546666, Acc:88.55779427359491, LR:2.0888695949408458e-05
Epoch:317, Loss:0.45589154331307663, Acc:89.16224814422057, LR:2.3350811174697723e-05
Epoch:318, Loss:0.44966805608649, Acc:89.2576882290562, LR:2.5937913858815694e-05
Epoch:319, Loss:0.47252148076107625, Acc:88.97136797454931, LR:2.864745084375783e-05
Validation: Loss:0.824098813533783, Acc:79.98303647158609
Epoch:320, Loss:0.46469835231178686, Acc:88.50477200424179, LR:3.147674814364637e-05
Epoch:321, Loss:0.4421622957053937, Acc:89.38494167550371, LR:3.442301358363152e-05
Epoch:322, Loss:0.4569179007881566, Acc:88.76988335100742, LR:3.748333955543095e-05
Epoch:323, Loss:0.4688491664434734, Acc:88.8865323435843, LR:4.065470588678812e-05
Epoch:324, Loss:0.4667772572291525, Acc:89.16224814422057, LR:4.39339828220177e-05
Validation: Loss:0.806405770778656, Acc:80.40712468193384
Best model updated!
Epoch:325, Loss:0.45345975380194814, Acc:89.23647932131495, LR:4.731793411069651e-05
Epoch:326, Loss:0.4566967032457653, Acc:89.04559915164369, LR:5.0803220201452194e-05
Epoch:327, Loss:0.4987962355739192, Acc:88.19724284199364, LR:5.4386401537696306e-05
Epoch:328, Loss:0.4632350598510943, Acc:88.79109225874868, LR:5.8063941952053456e-05
Epoch:329, Loss:0.44648747067702443, Acc:89.2576882290562, LR:6.183221215612871e-05
Validation: Loss:0.796004569530487, Acc:80.40712468193384
Epoch:330, Loss:0.4489928452592147, Acc:89.10922587486745, LR:6.568749332218029e-05
Epoch:331, Loss:0.4808618724346161, Acc:88.78048780487805, LR:6.962598075315058e-05
Epoch:332, Loss:0.4576402745748821, Acc:88.87592788971368, LR:7.364378763744413e-05
Epoch:333, Loss:0.4687110295421199, Acc:88.86532343584305, LR:7.773694888474273e-05
Epoch:334, Loss:0.4531587503458324, Acc:89.5015906680806, LR:8.190142503906774e-05
Validation: Loss:0.8093513131141663, Acc:79.77099236641222
Epoch:335, Loss:0.46318158507347107, Acc:88.97136797454931, LR:8.613310626523908e-05
Epoch:336, Loss:0.48677254507416173, Acc:88.51537645811241, LR:9.042781640478262e-05
Epoch:337, Loss:0.44992309338168096, Acc:89.19406150583245, LR:9.478131709729822e-05
Epoch:338, Loss:0.4817865977161809, Acc:88.31389183457053, LR:9.918931196320593e-05
Epoch:339, Loss:0.46588920448955734, Acc:88.8016967126193, LR:0.00010364745084375773
Validation: Loss:0.8173324465751648, Acc:80.06785411365564
Epoch:340, Loss:0.4799123971085799, Acc:88.55779427359491, LR:0.00010815133409411518
Epoch:341, Loss:0.44599478966311407, Acc:89.03499469777306, LR:0.0001126965169252716
Epoch:342, Loss:0.452723514092596, Acc:89.05620360551431, LR:0.00011727851379051866
Epoch:343, Loss:0.44966536289767217, Acc:88.98197242841994, LR:0.00012189280281214107
Epoch:344, Loss:0.4714726946855846, Acc:88.66383881230117, LR:0.00012653483024396538
Validation: Loss:0.8228395223617554, Acc:80.11026293469041
Epoch:345, Loss:0.48959715585959585, Acc:87.91092258748674, LR:0.0001312000149653541
Epoch:346, Loss:0.45712305526984365, Acc:89.15164369034994, LR:0.0001358837530022228
Epoch:347, Loss:0.4592755515324442, Acc:88.8865323435843, LR:0.00014058142207060264
Epoch:348, Loss:0.4497475059408891, Acc:89.44856839872746, LR:0.00014528838613828065
Epoch:349, Loss:0.4374378119644366, Acc:89.69247083775186, LR:0.0001499999999999996
Validation: Loss:0.8080659151077271, Acc:79.85581000848177
Epoch:350, Loss:0.46664243152267054, Acc:88.79109225874868, LR:0.00015471161386171908
Epoch:351, Loss:0.4441060659132506, Acc:89.16224814422057, LR:0.00015941857792939681
Epoch:352, Loss:0.46824784812174347, Acc:88.55779427359491, LR:0.00016411624699777693
Epoch:353, Loss:0.4518268516189174, Acc:89.16224814422057, LR:0.00016879998503464564
Epoch:354, Loss:0.4701433495471352, Acc:88.64262990455991, LR:0.00017346516975603435
Validation: Loss:0.8289946913719177, Acc:79.68617472434266
Epoch:355, Loss:0.4569233797098461, Acc:88.90774125132556, LR:0.00017810719718785865
Epoch:356, Loss:0.4408351841725801, Acc:89.46977730646871, LR:0.00018272148620948107
Epoch:357, Loss:0.45080435276031494, Acc:89.01378579003182, LR:0.0001873034830747281
Epoch:358, Loss:0.4591715226047917, Acc:88.69565217391305, LR:0.00019184866590588398
Epoch:359, Loss:0.43944196481453746, Acc:89.36373276776246, LR:0.00019635254915624197
Validation: Loss:0.8309509634971619, Acc:79.30449533502969
Epoch:360, Loss:0.44313989187541764, Acc:89.07741251325557, LR:0.00020081068803679352
Epoch:361, Loss:0.4414003350232777, Acc:89.02439024390245, LR:0.00020521868290270152
Epoch:362, Loss:0.44295283054050644, Acc:89.16224814422057, LR:0.00020957218359521712
Epoch:363, Loss:0.4482620311410804, Acc:89.36373276776246, LR:0.00021386689373476065
Epoch:364, Loss:0.4498157532591569, Acc:89.15164369034994, LR:0.00021809857496093199
Validation: Loss:0.8302899837493897, Acc:79.38931297709924
Epoch:365, Loss:0.44656764833550705, Acc:89.37433722163308, LR:0.000222263051115257
Epoch:366, Loss:0.4632909956731294, Acc:88.64262990455991, LR:0.00022635621236255559
Epoch:367, Loss:0.45748454018643026, Acc:88.90774125132556, LR:0.00023037401924684914
Epoch:368, Loss:0.4451914806115, Acc:89.20466595970308, LR:0.00023431250667781947
Epoch:369, Loss:0.4504745806518354, Acc:88.97136797454931, LR:0.00023816778784387086
Validation: Loss:0.8364232778549194, Acc:78.96522476675149
Epoch:370, Loss:0.44814962619229365, Acc:89.26829268292683, LR:0.00024193605804794633
Epoch:371, Loss:0.4572960106950057, Acc:88.87592788971368, LR:0.00024561359846230325
Epoch:372, Loss:0.46078638654006154, Acc:88.90774125132556, LR:0.00024919677979854754
Epoch:373, Loss:0.43824675992915507, Acc:89.38494167550371, LR:0.00025268206588930324
Epoch:374, Loss:0.4705154707557277, Acc:88.50477200424179, LR:0.00025606601717798185
Validation: Loss:0.8512574553489685, Acc:79.09245122985581
Epoch:375, Loss:0.4488004038208409, Acc:89.18345705196182, LR:0.00025934529411321167
Epoch:376, Loss:0.4483116457336827, Acc:88.83351007423117, LR:0.00026251666044456863
Epoch:377, Loss:0.4686402945142043, Acc:88.4729586426299, LR:0.00026557698641636824
Epoch:378, Loss:0.4466715423684371, Acc:89.23647932131495, LR:0.00026852325185635343
Epoch:379, Loss:0.4192041331215909, Acc:89.97879109225875, LR:0.00027135254915624195
Validation: Loss:0.8494697213172913, Acc:79.05004240882103
Epoch:380, Loss:0.439338870738682, Acc:89.68186638388123, LR:0.00027406208614118413
Epoch:381, Loss:0.4417813655577208, Acc:89.07741251325557, LR:0.00027664918882530214
Epoch:382, Loss:0.44225599420698064, Acc:89.2576882290562, LR:0.0002791113040505914
Epoch:383, Loss:0.45648759760354696, Acc:88.7592788971368, LR:0.0002814460020065794
Epoch:384, Loss:0.4529533135263543, Acc:88.7168610816543, LR:0.0002836509786282552
Validation: Loss:0.8689460754394531, Acc:78.20186598812553
Epoch:385, Loss:0.4124186933040619, Acc:89.92576882290562, LR:0.00028572405786990283
Epoch:386, Loss:0.4590861232657182, Acc:88.8865323435843, LR:0.00028766319385259713
Epoch:387, Loss:0.43532822790898773, Acc:89.35312831389183, LR:0.00028946647288323766
Epoch:388, Loss:0.4257207983418515, Acc:89.65005302226935, LR:0.00029113211534313374
Epoch:389, Loss:0.42534287352310984, Acc:89.51219512195122, LR:0.000292658477444273
Validation: Loss:0.8783803582191467, Acc:78.03223070398643
Epoch:390, Loss:0.42868182690520035, Acc:89.7560975609756, LR:0.00029404405285154137
Epoch:391, Loss:0.45695766179185165, Acc:88.95015906680806, LR:0.00029528747416929463
Epoch:392, Loss:0.42938169523289327, Acc:89.20466595970308, LR:0.00029638751429081204
Epoch:393, Loss:0.44597424645172923, Acc:89.10922587486745, LR:0.0002973430876093032
Epoch:394, Loss:0.42971622787023844, Acc:89.5015906680806, LR:0.00029815325108927063
Validation: Loss:0.8717816710472107, Acc:79.26208651399492
Epoch:395, Loss:0.43565423708213, Acc:89.44856839872746, LR:0.0002988172051971717
Epoch:396, Loss:0.424233720490807, Acc:89.7560975609756, LR:0.000299334294690462
Epoch:397, Loss:0.4274794286803195, Acc:89.65005302226935, LR:0.0002997040092642407
Epoch:398, Loss:0.43060868351083054, Acc:89.38494167550371, LR:0.0002999259840548597
Epoch:399, Loss:0.43184317413129303, Acc:89.53340402969248, LR:0.0003
Validation: Loss:0.8838054776191712, Acc:79.13486005089058
Epoch:400, Loss:0.4041833626596551, Acc:90.12725344644751, LR:0.0002999259840548597
Epoch:401, Loss:0.4176911319556989, Acc:89.85153764581123, LR:0.00029970400926424077
Epoch:402, Loss:0.4383581578731537, Acc:89.51219512195122, LR:0.00029933429469046203
Epoch:403, Loss:0.4216760836149517, Acc:89.70307529162248, LR:0.00029881720519717175
Epoch:404, Loss:0.4440345889643619, Acc:89.18345705196182, LR:0.00029815325108927074
Validation: Loss:0.8527741670608521, Acc:79.47413061916879
Epoch:405, Loss:0.43958455167318644, Acc:89.5015906680806, LR:0.0002973430876093033
Epoch:406, Loss:0.43462086508148595, Acc:89.39554612937434, LR:0.00029638751429081215
Epoch:407, Loss:0.4054746612122184, Acc:90.07423117709438, LR:0.0002952874741692947
Epoch:408, Loss:0.4014684275576943, Acc:90.22269353128314, LR:0.00029404405285154154
Epoch:409, Loss:0.43187928042913737, Acc:89.56521739130434, LR:0.0002926584774442731
Validation: Loss:0.8639377951622009, Acc:79.30449533502969
Epoch:410, Loss:0.42475841704167816, Acc:89.56521739130434, LR:0.0002911321153431339
Epoch:411, Loss:0.4284029665746187, Acc:90.09544008483563, LR:0.0002894664728832378
Epoch:412, Loss:0.41523822514634384, Acc:90.04241781548251, LR:0.00028766319385259724
Epoch:413, Loss:0.4173761700329028, Acc:90.2439024390244, LR:0.00028572405786990305
Epoch:414, Loss:0.4169345137320067, Acc:89.88335100742312, LR:0.0002836509786282552
Validation: Loss:0.903672456741333, Acc:78.37150127226464
Epoch:415, Loss:0.41400589754706935, Acc:90.05302226935312, LR:0.00028144600200657956
Epoch:416, Loss:0.40306239065371063, Acc:89.98939554612937, LR:0.0002791113040505916
Epoch:417, Loss:0.40618646615429926, Acc:90.28632025450689, LR:0.00027664918882530236
Epoch:418, Loss:0.41921353183294596, Acc:89.95758218451749, LR:0.0002740620861411844
Epoch:419, Loss:0.41207572190385117, Acc:89.87274655355249, LR:0.0002713525491562422
Validation: Loss:0.9032573580741883, Acc:79.34690415606447
Epoch:420, Loss:0.43878202846175746, Acc:89.40615058324497, LR:0.00026852325185635365
Epoch:421, Loss:0.4356242512401782, Acc:89.43796394485685, LR:0.0002655769864163685
Epoch:422, Loss:0.4139860633172487, Acc:89.92576882290562, LR:0.00026251666044456906
Epoch:423, Loss:0.38263650944358424, Acc:90.7423117709438, LR:0.00025934529411321167
Epoch:424, Loss:0.4043388445126383, Acc:90.46659597030752, LR:0.0002560660171779823
Validation: Loss:0.8634865999221801, Acc:79.55894826123834
Epoch:425, Loss:0.40038561036712245, Acc:90.33934252386003, LR:0.0002526820658893033
Epoch:426, Loss:0.3887844007266195, Acc:90.36055143160127, LR:0.0002491967797985478
Epoch:427, Loss:0.39873436250184713, Acc:90.42417815482503, LR:0.0002456135984623035
Epoch:428, Loss:0.38597928066002696, Acc:90.60445387062566, LR:0.00024193605804794657
Epoch:429, Loss:0.36580835204375417, Acc:91.06044538706257, LR:0.00023816778784387107
Validation: Loss:0.88136887550354, Acc:79.38931297709924
Epoch:430, Loss:0.4055103440033762, Acc:90.15906680805938, LR:0.00023431250667781974
Epoch:431, Loss:0.3912373530237298, Acc:90.33934252386003, LR:0.00023037401924684965
Epoch:432, Loss:0.3795610525106129, Acc:90.8271474019088, LR:0.00022635621236255564
Epoch:433, Loss:0.38677566773013067, Acc:90.80593849416755, LR:0.00022226305111525748
Epoch:434, Loss:0.38510688668803167, Acc:90.88016967126192, LR:0.000218098574960932
Validation: Loss:0.9061345815658569, Acc:79.17726887192536
Epoch:435, Loss:0.3865052900816265, Acc:90.55143160127254, LR:0.00021386689373476117
Epoch:436, Loss:0.3682180972475755, Acc:90.97560975609755, LR:0.00020957218359521712
Epoch:437, Loss:0.37286327544011566, Acc:90.83775185577943, LR:0.00020521868290270177
Epoch:438, Loss:0.3803655097359105, Acc:90.71049840933192, LR:0.00020081068803679377
Epoch:439, Loss:0.3837593542902093, Acc:90.60445387062566, LR:0.00019635254915624222
Validation: Loss:0.8722477674484252, Acc:79.34690415606447
Epoch:440, Loss:0.371820939214606, Acc:91.08165429480381, LR:0.0001918486659058845
Epoch:441, Loss:0.3635214896578538, Acc:91.41039236479321, LR:0.0001873034830747281
Epoch:442, Loss:0.3711721065797304, Acc:91.02863202545069, LR:0.00018272148620948156
Epoch:443, Loss:0.3643144102473008, Acc:91.00742311770944, LR:0.00017810719718785865
Epoch:444, Loss:0.3545575737953186, Acc:91.53764581124072, LR:0.00017346516975603487
Validation: Loss:0.9074624657630921, Acc:79.00763358778626
Epoch:445, Loss:0.37199220218156515, Acc:90.90137857900318, LR:0.00016879998503464561
Epoch:446, Loss:0.3542585435666536, Acc:91.31495227995758, LR:0.00016411624699777741
Epoch:447, Loss:0.3677895194605777, Acc:91.23011664899258, LR:0.000159418577929397
Epoch:448, Loss:0.37113995457950394, Acc:91.20890774125132, LR:0.00015471161386171927
Epoch:449, Loss:0.3670945277339534, Acc:91.20890774125132, LR:0.00015000000000000001
Validation: Loss:0.8695523738861084, Acc:79.81340118744698
Epoch:450, Loss:0.3635169236283553, Acc:91.33616118769883, LR:0.00014528838613828057
Epoch:451, Loss:0.35277505611118515, Acc:91.46341463414635, LR:0.00014058142207060308
Epoch:452, Loss:0.36611257728777435, Acc:91.34676564156946, LR:0.0001358837530022227
Epoch:453, Loss:0.3731875733325356, Acc:90.85896076352068, LR:0.00013120001496535452
Epoch:454, Loss:0.3440870564234884, Acc:91.60127253446447, LR:0.0001265348302439653
Validation: Loss:0.8807306289672852, Acc:79.05004240882103
Epoch:455, Loss:0.3599516953292646, Acc:91.32555673382821, LR:0.00012189280281214152
Epoch:456, Loss:0.3449434512539914, Acc:91.6967126193001, LR:0.0001172785137905186
Epoch:457, Loss:0.3520964603675039, Acc:91.58006362672323, LR:0.00011269651692527206
Epoch:458, Loss:0.36596076425753143, Acc:91.14528101802757, LR:0.00010815133409411564
Epoch:459, Loss:0.351627683953235, Acc:91.45281018027572, LR:0.00010364745084375769
Validation: Loss:0.8697349309921265, Acc:79.05004240882103
Epoch:460, Loss:0.36824595143920497, Acc:91.13467656415695, LR:9.918931196320637e-05
Epoch:461, Loss:0.34978220807878596, Acc:91.47401908801697, LR:9.478131709729815e-05
Epoch:462, Loss:0.3553731551295833, Acc:91.30434782608695, LR:9.042781640478303e-05
Epoch:463, Loss:0.34761324368025126, Acc:91.5270413573701, LR:8.613310626523901e-05
Epoch:464, Loss:0.33882843036400645, Acc:91.77094379639449, LR:8.190142503906816e-05
Validation: Loss:0.8773588061332702, Acc:79.81340118744698
Epoch:465, Loss:0.340251320286801, Acc:91.62248144220572, LR:7.773694888474266e-05
Epoch:466, Loss:0.33909059433560623, Acc:91.78154825026512, LR:7.364378763744451e-05
Epoch:467, Loss:0.3481031734692423, Acc:92.01484623541887, LR:6.962598075315051e-05
Epoch:468, Loss:0.34720597925939056, Acc:91.29374337221633, LR:6.568749332218066e-05
Epoch:469, Loss:0.35513949080517415, Acc:91.30434782608695, LR:6.183221215612908e-05
Validation: Loss:0.8913766622543335, Acc:79.21967769296013
Epoch:470, Loss:0.36882979148312617, Acc:91.5270413573701, LR:5.8063941952053395e-05
Epoch:471, Loss:0.34464613230604874, Acc:91.33616118769883, LR:5.4386401537696645e-05
Epoch:472, Loss:0.3692004115957963, Acc:90.8271474019088, LR:5.080322020145213e-05
Epoch:473, Loss:0.31863890353002045, Acc:92.32237539766702, LR:4.7317934110696835e-05
Epoch:474, Loss:0.3479064750043969, Acc:91.73913043478261, LR:4.393398282201783e-05
Validation: Loss:0.8703696131706238, Acc:80.27989821882952
Epoch:475, Loss:0.33920643674699885, Acc:91.9406150583245, LR:4.0654705886788434e-05
Epoch:476, Loss:0.34524990696656077, Acc:91.88759278897138, LR:3.748333955543108e-05
Epoch:477, Loss:0.3334653808882362, Acc:91.83457051961824, LR:3.442301358363182e-05
Epoch:478, Loss:0.3485881545041737, Acc:91.76033934252386, LR:3.1476748143646496e-05
Epoch:479, Loss:0.3733040972759849, Acc:90.95440084835631, LR:2.8647450843758107e-05
Validation: Loss:0.8467839241027832, Acc:79.6437659033079
Epoch:480, Loss:0.336175694277412, Acc:92.1951219512195, LR:2.59379138588158e-05
Epoch:481, Loss:0.33979531652049016, Acc:91.80275715800636, LR:2.335081117469768e-05
Epoch:482, Loss:0.34230325096531916, Acc:91.90880169671262, LR:2.0888695949408543e-05
Epoch:483, Loss:0.37024609509267303, Acc:91.13467656415695, LR:1.8553997993420435e-05
Epoch:484, Loss:0.33282279340844406, Acc:91.88759278897138, LR:1.634902137174492e-05
Validation: Loss:0.8530263662338257, Acc:80.1526717557252
Epoch:485, Loss:0.3318853315554167, Acc:91.983032873807, LR:1.427594213009707e-05
Epoch:486, Loss:0.32237393212945836, Acc:92.16330858960764, LR:1.233680614740295e-05
Epoch:487, Loss:0.3441561382067831, Acc:91.73913043478261, LR:1.0533527116762303e-05
Epoch:488, Loss:0.36059741911135224, Acc:91.37857900318133, LR:8.867884656866302e-06
Epoch:489, Loss:0.3427309535051647, Acc:92.04665959703075, LR:7.3415225557269894e-06
Validation: Loss:0.8525773167610169, Acc:80.6615776081425
Best model updated!
Epoch:490, Loss:0.3351751440449765, Acc:91.91940615058324, LR:5.9559471484584925e-06
Epoch:491, Loss:0.3388890867170535, Acc:91.93001060445387, LR:4.7125258307053735e-06
Epoch:492, Loss:0.3399082994774768, Acc:91.88759278897138, LR:3.6124857091878692e-06
Epoch:493, Loss:0.33953186399058294, Acc:92.0254506892895, LR:2.6569123906967424e-06
Epoch:494, Loss:0.3290639872613706, Acc:92.12089077412513, LR:1.846748910729335e-06
Validation: Loss:0.8604284048080444, Acc:80.49194232400339
Epoch:495, Loss:0.3281133276851554, Acc:92.32237539766702, LR:1.1827948028283522e-06
Epoch:496, Loss:0.33756001764222193, Acc:92.20572640509013, LR:6.657053095380007e-07
Epoch:497, Loss:0.33150896743724223, Acc:92.29056203605515, LR:2.959907357592829e-07
Epoch:498, Loss:0.33822976444896896, Acc:91.73913043478261, LR:7.401594514027667e-08
Epoch:499, Loss:0.33451622175542933, Acc:91.88759278897138, LR:0.0
Validation: Loss:0.8804240107536316, Acc:79.98303647158609
Test: Acc:83.12128922815945
